ago. 29, 2025 11:03:37 PM liquibase.changelog
INFO: Reading resource: db/changelog/migrations/db.changelog-202508291735.sql
ago. 29, 2025 11:03:37 PM liquibase.changelog
INFO: Reading from board.DATABASECHANGELOG
ago. 29, 2025 11:03:37 PM liquibase.changelog
INFO: Reading resource: db/changelog/migrations/db.changelog-202508292250.sql
ago. 29, 2025 11:03:37 PM liquibase.changelog
INFO: Reading resource: db/changelog/migrations/db.changelog-202508292254.sql
ago. 29, 2025 11:03:37 PM liquibase.changelog
INFO: Reading resource: db/changelog/migrations/db.changelog-202509292242.sql
ago. 29, 2025 11:03:37 PM liquibase.lockservice
INFO: Successfully acquired change log lock
ago. 29, 2025 11:03:37 PM liquibase.command
INFO: Using deploymentId: 6519416478
ago. 29, 2025 11:03:37 PM liquibase.changelog
INFO: Reading from board.DATABASECHANGELOG
Running Changeset: db/changelog/migrations/db.changelog-202508292250.sql::202508292250::lucas
ago. 29, 2025 11:03:37 PM liquibase.changelog
SEVERE: ChangeSet db/changelog/migrations/db.changelog-202508292250.sql::202508292250::lucas encountered an exception.
liquibase.exception.DatabaseException: Failed to open the referenced table 'BOARDS_COLUMNS' [Failed SQL: (1824) CREATE TABLE CARDS(
    id BIGINT AUTO_INCREMENT PRIMARY KEY,
    nome VARCHAR(255) NOT NULL,
    description VARCHAR(255) NOT NULL,
    `order` int NOT NULL,
    board_column_id BIGINT NOT NULL,
    CONSTRAINT boards_columns_cards_fk FOREIGN KEY (board_column_id) REFERENCES BOARDS_COLUMNS(id) ON DELETE CASCADE
) ENGINE=InnoDB]
	at liquibase.executor.jvm.JdbcExecutor$ExecuteStatementCallback.doInStatement(JdbcExecutor.java:520)
	at liquibase.executor.jvm.JdbcExecutor.execute(JdbcExecutor.java:85)
	at liquibase.executor.jvm.JdbcExecutor.execute(JdbcExecutor.java:188)
	at liquibase.executor.AbstractExecutor.execute(AbstractExecutor.java:148)
	at liquibase.database.AbstractJdbcDatabase.executeStatements(AbstractJdbcDatabase.java:1198)
	at liquibase.changelog.ChangeSet.execute(ChangeSet.java:816)
	at liquibase.changelog.visitor.UpdateVisitor.executeAcceptedChange(UpdateVisitor.java:127)
	at liquibase.changelog.visitor.UpdateVisitor.visit(UpdateVisitor.java:71)
	at liquibase.changelog.ChangeLogIterator.lambda$run$0(ChangeLogIterator.java:133)
	at liquibase.Scope.lambda$child$0(Scope.java:216)
	at liquibase.Scope.child(Scope.java:225)
	at liquibase.Scope.child(Scope.java:215)
	at liquibase.Scope.child(Scope.java:194)
	at liquibase.changelog.ChangeLogIterator.lambda$run$1(ChangeLogIterator.java:122)
	at liquibase.Scope.lambda$child$0(Scope.java:216)
	at liquibase.Scope.child(Scope.java:225)
	at liquibase.Scope.child(Scope.java:215)
	at liquibase.Scope.child(Scope.java:194)
	at liquibase.Scope.child(Scope.java:282)
	at liquibase.Scope.child(Scope.java:286)
	at liquibase.changelog.ChangeLogIterator.run(ChangeLogIterator.java:91)
	at liquibase.command.core.AbstractUpdateCommandStep.lambda$run$0(AbstractUpdateCommandStep.java:114)
	at liquibase.Scope.lambda$child$0(Scope.java:216)
	at liquibase.Scope.child(Scope.java:225)
	at liquibase.Scope.child(Scope.java:215)
	at liquibase.Scope.child(Scope.java:194)
	at liquibase.command.core.AbstractUpdateCommandStep.run(AbstractUpdateCommandStep.java:112)
	at liquibase.command.core.UpdateCommandStep.run(UpdateCommandStep.java:100)
	at liquibase.command.CommandScope.lambda$execute$6(CommandScope.java:263)
	at liquibase.Scope.child(Scope.java:225)
	at liquibase.Scope.child(Scope.java:201)
	at liquibase.command.CommandScope.execute(CommandScope.java:251)
	at liquibase.Liquibase.lambda$update$0(Liquibase.java:216)
	at liquibase.Scope.lambda$child$0(Scope.java:216)
	at liquibase.Scope.child(Scope.java:225)
	at liquibase.Scope.child(Scope.java:215)
	at liquibase.Scope.child(Scope.java:194)
	at liquibase.Liquibase.runInScope(Liquibase.java:1366)
	at liquibase.Liquibase.update(Liquibase.java:205)
	at liquibase.Liquibase.update(Liquibase.java:188)
	at liquibase.Liquibase.update(Liquibase.java:175)
	at liquibase.Liquibase.update(Liquibase.java:155)
	at dev.project.persistence.migration.MigrationStrategy.executeMigration(MigrationStrategy.java:30)
	at dev.project.Main.main(Main.java:12)
Caused by: java.sql.SQLException: Failed to open the referenced table 'BOARDS_COLUMNS'
	at com.mysql.cj.jdbc.exceptions.SQLError.createSQLException(SQLError.java:130)
	at com.mysql.cj.jdbc.exceptions.SQLExceptionsMapping.translateException(SQLExceptionsMapping.java:122)
	at com.mysql.cj.jdbc.StatementImpl.executeInternal(StatementImpl.java:763)
	at com.mysql.cj.jdbc.StatementImpl.execute(StatementImpl.java:648)
	at liquibase.executor.jvm.JdbcExecutor$ExecuteStatementCallback.doInStatement(JdbcExecutor.java:512)
	... 43 more


UPDATE SUMMARY
Run:                          0
Previously run:               1
Filtered out:                 0
-------------------------------
Total change sets:            4

ago. 29, 2025 11:03:37 PM liquibase.util
INFO: UPDATE SUMMARY
ago. 29, 2025 11:03:37 PM liquibase.util
INFO: Run:                          0
ago. 29, 2025 11:03:37 PM liquibase.util
INFO: Previously run:               1
ago. 29, 2025 11:03:37 PM liquibase.util
INFO: Filtered out:                 0
ago. 29, 2025 11:03:37 PM liquibase.util
INFO: -------------------------------
ago. 29, 2025 11:03:37 PM liquibase.util
INFO: Total change sets:            4
ago. 29, 2025 11:03:37 PM liquibase.util
INFO: Update summary generated
ago. 29, 2025 11:03:37 PM liquibase.command
INFO: Update command encountered an exception.
ago. 29, 2025 11:03:37 PM liquibase.lockservice
INFO: Successfully released change log lock
ago. 29, 2025 11:03:37 PM liquibase.command
INFO: Logging exception.
ERROR: Exception Details
ERROR: Exception Primary Class:  SQLException
ERROR: Exception Primary Reason:  Failed to open the referenced table 'BOARDS_COLUMNS'
ERROR: Exception Primary Source:  MySQL 9.4.0
ago. 29, 2025 11:03:37 PM liquibase.command
INFO: Command execution complete
